mode: atomic
github.com/rbaliyan/event/v2/context.go:26.49,28.8 2 598
github.com/rbaliyan/event/v2/context.go:28.8,30.3 1 361
github.com/rbaliyan/event/v2/context.go:31.2,31.11 1 237
github.com/rbaliyan/event/v2/context.go:35.46,37.8 2 2
github.com/rbaliyan/event/v2/context.go:37.8,39.3 1 1
github.com/rbaliyan/event/v2/context.go:40.2,40.11 1 1
github.com/rbaliyan/event/v2/context.go:44.48,46.8 2 302
github.com/rbaliyan/event/v2/context.go:46.8,48.3 1 301
github.com/rbaliyan/event/v2/context.go:49.2,49.11 1 1
github.com/rbaliyan/event/v2/context.go:53.52,55.8 2 298
github.com/rbaliyan/event/v2/context.go:55.8,57.3 1 62
github.com/rbaliyan/event/v2/context.go:58.2,58.12 1 236
github.com/rbaliyan/event/v2/context.go:62.53,64.8 2 299
github.com/rbaliyan/event/v2/context.go:64.8,66.3 1 299
github.com/rbaliyan/event/v2/context.go:67.2,67.12 1 0
github.com/rbaliyan/event/v2/context.go:71.53,73.8 2 52
github.com/rbaliyan/event/v2/context.go:73.8,75.3 1 52
github.com/rbaliyan/event/v2/context.go:76.2,76.12 1 0
github.com/rbaliyan/event/v2/context.go:80.56,82.8 2 248
github.com/rbaliyan/event/v2/context.go:82.8,84.3 1 248
github.com/rbaliyan/event/v2/context.go:85.2,85.11 1 0
github.com/rbaliyan/event/v2/context.go:89.75,90.14 1 57
github.com/rbaliyan/event/v2/context.go:90.14,92.3 1 0
github.com/rbaliyan/event/v2/context.go:93.2,94.8 2 57
github.com/rbaliyan/event/v2/context.go:94.8,106.3 2 53
github.com/rbaliyan/event/v2/context.go:107.2,107.80 1 4
github.com/rbaliyan/event/v2/context.go:111.73,112.14 1 57
github.com/rbaliyan/event/v2/context.go:112.14,114.3 1 0
github.com/rbaliyan/event/v2/context.go:115.2,116.8 2 57
github.com/rbaliyan/event/v2/context.go:116.8,128.3 2 53
github.com/rbaliyan/event/v2/context.go:129.2,129.80 1 4
github.com/rbaliyan/event/v2/context.go:133.76,134.14 1 3
github.com/rbaliyan/event/v2/context.go:134.14,136.3 1 1
github.com/rbaliyan/event/v2/context.go:137.2,138.8 2 2
github.com/rbaliyan/event/v2/context.go:138.8,150.3 2 1
github.com/rbaliyan/event/v2/context.go:151.2,151.78 1 1
github.com/rbaliyan/event/v2/context.go:154.138,164.2 1 248
github.com/rbaliyan/event/v2/context.go:167.76,169.8 2 6
github.com/rbaliyan/event/v2/context.go:169.8,171.3 1 4
github.com/rbaliyan/event/v2/context.go:172.2,172.11 1 2
github.com/rbaliyan/event/v2/context.go:176.54,178.2 1 4
github.com/rbaliyan/event/v2/event.go:32.13,35.2 2 1
github.com/rbaliyan/event/v2/event.go:73.62,73.75 1 3
github.com/rbaliyan/event/v2/event.go:74.63,74.64 0 1
github.com/rbaliyan/event/v2/event.go:75.63,75.64 0 1
github.com/rbaliyan/event/v2/event.go:92.37,94.2 1 1
github.com/rbaliyan/event/v2/event.go:97.35,99.2 1 101
github.com/rbaliyan/event/v2/event.go:102.41,104.2 1 3
github.com/rbaliyan/event/v2/event.go:107.43,108.22 1 487
github.com/rbaliyan/event/v2/event.go:108.22,110.3 1 485
github.com/rbaliyan/event/v2/event.go:111.2,111.12 1 2
github.com/rbaliyan/event/v2/event.go:115.58,116.56 1 33
github.com/rbaliyan/event/v2/event.go:116.56,120.3 3 248
github.com/rbaliyan/event/v2/event.go:124.58,125.23 1 33
github.com/rbaliyan/event/v2/event.go:125.23,127.3 1 32
github.com/rbaliyan/event/v2/event.go:128.2,128.56 1 1
github.com/rbaliyan/event/v2/event.go:128.56,132.3 3 1
github.com/rbaliyan/event/v2/event.go:136.58,137.23 1 33
github.com/rbaliyan/event/v2/event.go:137.23,139.3 1 1
github.com/rbaliyan/event/v2/event.go:140.2,140.56 1 32
github.com/rbaliyan/event/v2/event.go:140.56,141.42 1 247
github.com/rbaliyan/event/v2/event.go:141.42,154.4 3 247
github.com/rbaliyan/event/v2/event.go:155.3,155.25 1 247
github.com/rbaliyan/event/v2/event.go:160.59,161.24 1 33
github.com/rbaliyan/event/v2/event.go:161.24,163.3 1 1
github.com/rbaliyan/event/v2/event.go:164.2,164.56 1 32
github.com/rbaliyan/event/v2/event.go:164.56,166.20 2 247
github.com/rbaliyan/event/v2/event.go:166.20,168.4 1 0
github.com/rbaliyan/event/v2/event.go:169.3,169.16 1 247
github.com/rbaliyan/event/v2/event.go:169.16,171.36 2 245
github.com/rbaliyan/event/v2/event.go:171.36,176.25 5 1
github.com/rbaliyan/event/v2/event.go:176.25,178.6 1 1
github.com/rbaliyan/event/v2/event.go:181.3,181.25 1 247
github.com/rbaliyan/event/v2/event.go:186.66,188.50 1 241
github.com/rbaliyan/event/v2/event.go:188.50,190.3 1 2
github.com/rbaliyan/event/v2/event.go:192.2,193.14 2 239
github.com/rbaliyan/event/v2/event.go:193.14,195.3 1 238
github.com/rbaliyan/event/v2/event.go:196.2,206.41 3 239
github.com/rbaliyan/event/v2/event.go:206.41,216.3 4 238
github.com/rbaliyan/event/v2/event.go:219.2,220.19 2 239
github.com/rbaliyan/event/v2/event.go:220.19,222.3 1 0
github.com/rbaliyan/event/v2/event.go:223.2,224.23 2 239
github.com/rbaliyan/event/v2/event.go:228.35,230.49 2 25
github.com/rbaliyan/event/v2/event.go:230.49,232.3 1 25
github.com/rbaliyan/event/v2/event.go:233.2,233.20 1 25
github.com/rbaliyan/event/v2/event.go:237.69,239.50 1 34
github.com/rbaliyan/event/v2/event.go:239.50,241.3 1 1
github.com/rbaliyan/event/v2/event.go:243.2,250.15 5 33
github.com/rbaliyan/event/v2/event.go:250.15,253.3 2 0
github.com/rbaliyan/event/v2/event.go:254.2,256.12 2 33
github.com/rbaliyan/event/v2/event.go:256.12,257.16 1 33
github.com/rbaliyan/event/v2/event.go:257.16,259.4 1 26
github.com/rbaliyan/event/v2/event.go:260.3,260.7 1 33
github.com/rbaliyan/event/v2/event.go:260.7,261.11 1 279
github.com/rbaliyan/event/v2/event.go:262.35,265.11 3 19
github.com/rbaliyan/event/v2/event.go:267.22,270.11 3 7
github.com/rbaliyan/event/v2/event.go:272.26,273.12 1 248
github.com/rbaliyan/event/v2/event.go:273.12,276.6 2 0
github.com/rbaliyan/event/v2/event.go:278.5,279.24 1 248
github.com/rbaliyan/event/v2/event.go:283.2,283.68 1 33
github.com/rbaliyan/event/v2/event.go:287.34,289.26 2 1
github.com/rbaliyan/event/v2/event.go:289.26,291.3 1 3
github.com/rbaliyan/event/v2/event.go:292.2,292.14 1 1
github.com/rbaliyan/event/v2/event.go:296.31,298.2 1 1
github.com/rbaliyan/event/v2/event.go:301.65,302.26 1 1
github.com/rbaliyan/event/v2/event.go:302.26,304.3 1 3
github.com/rbaliyan/event/v2/event.go:308.57,309.26 1 1
github.com/rbaliyan/event/v2/event.go:309.26,311.3 1 3
github.com/rbaliyan/event/v2/event.go:316.45,321.43 2 32
github.com/rbaliyan/event/v2/event.go:321.43,323.3 1 2
github.com/rbaliyan/event/v2/event.go:326.2,327.20 2 30
github.com/rbaliyan/event/v2/event.go:327.20,328.23 1 30
github.com/rbaliyan/event/v2/event.go:328.23,331.4 2 29
github.com/rbaliyan/event/v2/event.go:331.9,333.4 1 1
github.com/rbaliyan/event/v2/event.go:337.2,338.22 2 30
github.com/rbaliyan/event/v2/event.go:338.22,342.3 1 26
github.com/rbaliyan/event/v2/event.go:345.2,359.38 2 30
github.com/rbaliyan/event/v2/event.go:359.38,361.3 1 0
github.com/rbaliyan/event/v2/event.go:362.2,362.10 1 30
github.com/rbaliyan/event/v2/event.go:366.43,368.2 1 2
github.com/rbaliyan/event/v2/metadata.go:11.29,13.2 1 1
github.com/rbaliyan/event/v2/metadata.go:16.42,17.25 1 3
github.com/rbaliyan/event/v2/metadata.go:17.25,19.3 1 2
github.com/rbaliyan/event/v2/metadata.go:20.2,20.11 1 1
github.com/rbaliyan/event/v2/metadata.go:24.51,27.2 2 1
github.com/rbaliyan/event/v2/metadata.go:30.35,31.14 1 3
github.com/rbaliyan/event/v2/metadata.go:31.14,33.3 1 1
github.com/rbaliyan/event/v2/metadata.go:34.2,35.26 2 2
github.com/rbaliyan/event/v2/metadata.go:35.26,37.3 1 1
github.com/rbaliyan/event/v2/metadata.go:38.2,38.62 1 2
github.com/rbaliyan/event/v2/metadata.go:42.35,43.14 1 243
github.com/rbaliyan/event/v2/metadata.go:43.14,45.3 1 238
github.com/rbaliyan/event/v2/metadata.go:46.2,47.26 2 5
github.com/rbaliyan/event/v2/metadata.go:47.26,49.3 1 5
github.com/rbaliyan/event/v2/metadata.go:50.2,50.11 1 5
github.com/rbaliyan/event/v2/metric.go:22.48,23.21 1 30
github.com/rbaliyan/event/v2/metric.go:23.21,25.3 1 0
github.com/rbaliyan/event/v2/metric.go:26.2,57.3 1 30
github.com/rbaliyan/event/v2/metric.go:61.59,63.14 2 29
github.com/rbaliyan/event/v2/metric.go:63.14,65.3 1 29
github.com/rbaliyan/event/v2/metric.go:66.2,66.48 1 29
github.com/rbaliyan/event/v2/metric.go:66.48,68.3 1 24
github.com/rbaliyan/event/v2/metric.go:69.2,69.49 1 29
github.com/rbaliyan/event/v2/metric.go:69.49,71.3 1 24
github.com/rbaliyan/event/v2/metric.go:72.2,72.49 1 29
github.com/rbaliyan/event/v2/metric.go:72.49,74.3 1 24
github.com/rbaliyan/event/v2/metric.go:75.2,75.49 1 29
github.com/rbaliyan/event/v2/metric.go:75.49,77.3 1 24
github.com/rbaliyan/event/v2/metric.go:78.2,78.48 1 29
github.com/rbaliyan/event/v2/metric.go:78.48,80.3 1 24
github.com/rbaliyan/event/v2/metric.go:81.2,81.13 1 29
github.com/rbaliyan/event/v2/metric.go:85.32,87.2 1 238
github.com/rbaliyan/event/v2/metric.go:90.31,93.2 2 238
github.com/rbaliyan/event/v2/metric.go:96.32,98.2 1 247
github.com/rbaliyan/event/v2/metric.go:101.31,104.2 2 245
github.com/rbaliyan/event/v2/metric.go:107.32,109.2 1 32
github.com/rbaliyan/event/v2/metric.go:111.61,111.75 1 0
github.com/rbaliyan/event/v2/metric.go:114.35,114.36 0 1
github.com/rbaliyan/event/v2/metric.go:117.34,117.35 0 1
github.com/rbaliyan/event/v2/metric.go:120.35,120.36 0 1
github.com/rbaliyan/event/v2/metric.go:123.34,123.35 0 1
github.com/rbaliyan/event/v2/metric.go:126.35,126.36 0 1
github.com/rbaliyan/event/v2/option.go:29.52,35.41 1 32
github.com/rbaliyan/event/v2/option.go:35.42,35.43 0 0
github.com/rbaliyan/event/v2/option.go:42.2,42.27 1 32
github.com/rbaliyan/event/v2/option.go:42.27,44.3 1 52
github.com/rbaliyan/event/v2/option.go:46.2,46.10 1 32
github.com/rbaliyan/event/v2/option.go:55.52,56.31 1 1
github.com/rbaliyan/event/v2/option.go:56.31,58.3 1 1
github.com/rbaliyan/event/v2/option.go:62.33,63.31 1 6
github.com/rbaliyan/event/v2/option.go:63.31,65.3 1 6
github.com/rbaliyan/event/v2/option.go:70.34,71.31 1 2
github.com/rbaliyan/event/v2/option.go:71.31,73.3 1 2
github.com/rbaliyan/event/v2/option.go:77.50,78.31 1 6
github.com/rbaliyan/event/v2/option.go:78.31,81.3 2 6
github.com/rbaliyan/event/v2/option.go:85.52,86.31 1 1
github.com/rbaliyan/event/v2/option.go:86.31,87.15 1 1
github.com/rbaliyan/event/v2/option.go:87.15,89.4 1 1
github.com/rbaliyan/event/v2/option.go:94.39,95.31 1 1
github.com/rbaliyan/event/v2/option.go:95.31,96.15 1 1
github.com/rbaliyan/event/v2/option.go:96.15,98.4 1 1
github.com/rbaliyan/event/v2/option.go:104.40,105.31 1 4
github.com/rbaliyan/event/v2/option.go:105.31,106.15 1 4
github.com/rbaliyan/event/v2/option.go:106.15,108.4 1 4
github.com/rbaliyan/event/v2/option.go:114.43,115.31 1 1
github.com/rbaliyan/event/v2/option.go:115.31,117.3 1 1
github.com/rbaliyan/event/v2/option.go:121.39,122.31 1 30
github.com/rbaliyan/event/v2/option.go:122.31,123.15 1 30
github.com/rbaliyan/event/v2/option.go:123.15,125.4 1 30
github.com/rbaliyan/event/v2/registry.go:30.66,31.16 1 28
github.com/rbaliyan/event/v2/registry.go:31.16,33.3 1 1
github.com/rbaliyan/event/v2/registry.go:34.2,42.3 1 28
github.com/rbaliyan/event/v2/registry.go:46.32,48.2 1 239
github.com/rbaliyan/event/v2/registry.go:51.34,53.2 1 486
github.com/rbaliyan/event/v2/registry.go:56.49,58.34 2 31
github.com/rbaliyan/event/v2/registry.go:58.34,61.3 2 1
github.com/rbaliyan/event/v2/registry.go:62.2,65.10 4 30
github.com/rbaliyan/event/v2/registry.go:69.55,71.2 1 29
github.com/rbaliyan/event/v2/registry.go:74.45,75.32 1 7
github.com/rbaliyan/event/v2/registry.go:75.32,77.3 1 3
github.com/rbaliyan/event/v2/registry.go:78.2,78.35 1 4
github.com/rbaliyan/event/v2/registry.go:82.40,84.2 1 238
github.com/rbaliyan/event/v2/registry.go:87.47,89.2 1 33
github.com/rbaliyan/event/v2/registry.go:92.43,95.35 3 43
github.com/rbaliyan/event/v2/registry.go:95.35,97.3 1 8
github.com/rbaliyan/event/v2/registry.go:98.2,98.12 1 35
github.com/rbaliyan/event/v2/registry.go:104.48,108.33 4 30
github.com/rbaliyan/event/v2/registry.go:108.33,111.3 1 0
github.com/rbaliyan/event/v2/registry.go:113.2,114.17 2 30
github.com/rbaliyan/event/v2/registry.go:119.48,123.33 4 1
github.com/rbaliyan/event/v2/registry.go:123.33,125.3 1 1
github.com/rbaliyan/event/v2/registry.go:126.2,127.12 2 0
github.com/rbaliyan/event/v2/registry.go:131.34,132.61 1 25
github.com/rbaliyan/event/v2/registry.go:132.61,136.31 3 25
github.com/rbaliyan/event/v2/registry.go:136.31,137.36 1 25
github.com/rbaliyan/event/v2/registry.go:137.36,139.5 1 25
github.com/rbaliyan/event/v2/registry.go:141.3,141.25 1 25
github.com/rbaliyan/event/v2/registry.go:143.2,143.12 1 25
github.com/rbaliyan/event/v2/registry.go:148.57,150.2 1 1
github.com/rbaliyan/event/v2/registry.go:154.52,156.14 2 2
github.com/rbaliyan/event/v2/registry.go:156.14,158.3 1 1
github.com/rbaliyan/event/v2/registry.go:159.2,159.39 1 1
github.com/rbaliyan/event/v2/registry.go:163.43,165.2 1 1
github.com/rbaliyan/event/v2/registry.go:168.38,170.2 1 2
github.com/rbaliyan/event/v2/registry.go:173.34,175.2 1 1
github.com/rbaliyan/event/v2/registry.go:178.29,180.2 1 1
github.com/rbaliyan/event/v2/transport.go:71.30,73.2 1 248
github.com/rbaliyan/event/v2/transport.go:76.34,78.2 1 248
github.com/rbaliyan/event/v2/transport.go:81.38,83.2 1 248
github.com/rbaliyan/event/v2/transport.go:86.33,88.2 1 248
github.com/rbaliyan/event/v2/transport.go:91.44,93.2 1 248
github.com/rbaliyan/event/v2/transport.go:96.45,98.2 1 364
github.com/rbaliyan/event/v2/transport.go:101.53,102.17 1 141
github.com/rbaliyan/event/v2/transport.go:102.17,104.3 1 1
github.com/rbaliyan/event/v2/transport.go:105.2,105.20 1 140
github.com/rbaliyan/event/v2/transport.go:109.65,110.17 1 47
github.com/rbaliyan/event/v2/transport.go:110.17,112.3 1 1
github.com/rbaliyan/event/v2/transport.go:114.2,114.42 1 46
github.com/rbaliyan/event/v2/transport.go:114.42,116.3 1 1
github.com/rbaliyan/event/v2/transport.go:118.2,121.12 3 45
github.com/rbaliyan/event/v2/transport.go:121.12,125.3 2 0
github.com/rbaliyan/event/v2/transport.go:126.2,126.11 1 45
github.com/rbaliyan/event/v2/transport.go:130.49,131.17 1 28
github.com/rbaliyan/event/v2/transport.go:131.17,133.3 1 19
github.com/rbaliyan/event/v2/transport.go:134.2,134.51 1 9
github.com/rbaliyan/event/v2/transport.go:134.51,136.3 1 9
github.com/rbaliyan/event/v2/transport.go:140.45,141.49 1 33
github.com/rbaliyan/event/v2/transport.go:141.49,142.25 1 32
github.com/rbaliyan/event/v2/transport.go:142.25,144.4 1 32
github.com/rbaliyan/event/v2/transport.go:146.3,148.41 2 32
github.com/rbaliyan/event/v2/transport.go:148.41,150.4 1 0
github.com/rbaliyan/event/v2/transport.go:152.3,152.57 1 32
github.com/rbaliyan/event/v2/transport.go:152.57,155.4 2 34
github.com/rbaliyan/event/v2/transport.go:157.2,157.12 1 33
github.com/rbaliyan/event/v2/transport.go:161.89,162.15 1 149
github.com/rbaliyan/event/v2/transport.go:162.15,164.31 1 149
github.com/rbaliyan/event/v2/transport.go:164.31,166.4 1 0
github.com/rbaliyan/event/v2/transport.go:169.2,169.19 1 149
github.com/rbaliyan/event/v2/transport.go:169.19,172.10 3 1
github.com/rbaliyan/event/v2/transport.go:173.21,176.18 3 1
github.com/rbaliyan/event/v2/transport.go:177.18,177.18 0 0
github.com/rbaliyan/event/v2/transport.go:179.8,181.18 1 148
github.com/rbaliyan/event/v2/transport.go:181.18,183.4 1 0
github.com/rbaliyan/event/v2/transport.go:184.3,184.12 1 148
github.com/rbaliyan/event/v2/transport.go:189.61,206.12 4 36
github.com/rbaliyan/event/v2/transport.go:206.12,210.32 2 36
github.com/rbaliyan/event/v2/transport.go:210.32,211.58 1 140
github.com/rbaliyan/event/v2/transport.go:211.58,214.14 3 149
github.com/rbaliyan/event/v2/transport.go:214.14,216.55 2 109
github.com/rbaliyan/event/v2/transport.go:216.55,219.7 2 109
github.com/rbaliyan/event/v2/transport.go:220.11,222.6 1 40
github.com/rbaliyan/event/v2/transport.go:223.5,223.16 1 149
github.com/rbaliyan/event/v2/transport.go:228.2,228.10 1 36
github.com/rbaliyan/event/v2/transport.go:232.48,234.2 1 111
github.com/rbaliyan/event/v2/transport.go:237.56,238.17 1 103
github.com/rbaliyan/event/v2/transport.go:238.17,240.3 1 1
github.com/rbaliyan/event/v2/transport.go:241.2,241.13 1 102
github.com/rbaliyan/event/v2/transport.go:246.68,247.17 1 7
github.com/rbaliyan/event/v2/transport.go:247.17,249.3 1 1
github.com/rbaliyan/event/v2/transport.go:250.2,250.14 1 6
github.com/rbaliyan/event/v2/transport.go:255.52,255.53 0 1
github.com/rbaliyan/event/v2/transport.go:258.48,259.49 1 4
github.com/rbaliyan/event/v2/transport.go:259.49,260.18 1 3
github.com/rbaliyan/event/v2/transport.go:260.18,262.4 1 3
github.com/rbaliyan/event/v2/transport.go:264.3,266.41 2 3
github.com/rbaliyan/event/v2/transport.go:266.41,268.4 1 0
github.com/rbaliyan/event/v2/transport.go:270.2,270.12 1 4
github.com/rbaliyan/event/v2/transport.go:274.57,275.15 1 102
github.com/rbaliyan/event/v2/transport.go:275.15,277.31 1 102
github.com/rbaliyan/event/v2/transport.go:277.31,279.4 1 0
github.com/rbaliyan/event/v2/transport.go:282.2,282.19 1 102
github.com/rbaliyan/event/v2/transport.go:282.19,285.10 3 101
github.com/rbaliyan/event/v2/transport.go:286.21,288.77 2 1
github.com/rbaliyan/event/v2/transport.go:289.21,289.21 0 100
github.com/rbaliyan/event/v2/transport.go:291.8,292.18 1 1
github.com/rbaliyan/event/v2/transport.go:292.18,294.4 1 1
github.com/rbaliyan/event/v2/transport.go:295.3,295.15 1 0
github.com/rbaliyan/event/v2/transport.go:301.60,318.12 4 4
github.com/rbaliyan/event/v2/transport.go:318.12,319.16 1 4
github.com/rbaliyan/event/v2/transport.go:319.16,322.4 2 3
github.com/rbaliyan/event/v2/transport.go:324.3,324.25 1 4
github.com/rbaliyan/event/v2/transport.go:324.25,325.13 1 102
github.com/rbaliyan/event/v2/transport.go:325.13,327.26 2 101
github.com/rbaliyan/event/v2/transport.go:327.26,330.6 2 101
github.com/rbaliyan/event/v2/transport.go:331.10,333.5 1 1
github.com/rbaliyan/event/v2/transport.go:337.2,337.10 1 4
github.com/rbaliyan/event/v2/transport_options.go:31.57,32.35 1 29
github.com/rbaliyan/event/v2/transport_options.go:32.35,34.3 1 29
github.com/rbaliyan/event/v2/transport_options.go:41.55,42.35 1 7
github.com/rbaliyan/event/v2/transport_options.go:42.35,44.3 1 7
github.com/rbaliyan/event/v2/transport_options.go:50.62,51.35 1 3
github.com/rbaliyan/event/v2/transport_options.go:51.35,53.3 1 3
github.com/rbaliyan/event/v2/transport_options.go:58.60,59.35 1 3
github.com/rbaliyan/event/v2/transport_options.go:59.35,61.3 1 3
github.com/rbaliyan/event/v2/transport_options.go:66.64,67.35 1 2
github.com/rbaliyan/event/v2/transport_options.go:67.35,68.16 1 2
github.com/rbaliyan/event/v2/transport_options.go:68.16,70.4 1 2
github.com/rbaliyan/event/v2/transport_options.go:75.57,76.35 1 1
github.com/rbaliyan/event/v2/transport_options.go:76.35,77.15 1 1
github.com/rbaliyan/event/v2/transport_options.go:77.15,79.4 1 1
github.com/rbaliyan/event/v2/transport_options.go:84.69,90.31 1 40
github.com/rbaliyan/event/v2/transport_options.go:90.32,90.33 0 0
github.com/rbaliyan/event/v2/transport_options.go:95.2,95.27 1 40
github.com/rbaliyan/event/v2/transport_options.go:95.27,97.3 1 45
github.com/rbaliyan/event/v2/transport_options.go:100.2,100.34 1 40
github.com/rbaliyan/event/v2/transport_options.go:100.34,102.3 1 4
github.com/rbaliyan/event/v2/transport_options.go:104.2,104.10 1 40
github.com/rbaliyan/event/v2/util.go:35.21,37.16 2 299
github.com/rbaliyan/event/v2/util.go:37.16,39.3 1 299
github.com/rbaliyan/event/v2/util.go:40.2,40.62 1 0
github.com/rbaliyan/event/v2/util.go:44.32,47.30 3 7
github.com/rbaliyan/event/v2/util.go:47.30,51.27 2 69
github.com/rbaliyan/event/v2/util.go:51.27,53.4 1 59
github.com/rbaliyan/event/v2/util.go:53.9,55.4 1 10
github.com/rbaliyan/event/v2/util.go:57.2,57.24 1 7
github.com/rbaliyan/event/v2/util.go:61.40,63.2 1 72
github.com/rbaliyan/event/v2/util.go:66.110,67.56 1 3
github.com/rbaliyan/event/v2/util.go:67.56,69.13 1 3
github.com/rbaliyan/event/v2/util.go:69.13,70.17 1 3
github.com/rbaliyan/event/v2/util.go:70.17,72.37 2 3
github.com/rbaliyan/event/v2/util.go:72.37,77.6 4 1
github.com/rbaliyan/event/v2/util.go:80.4,84.38 3 3
github.com/rbaliyan/event/v2/util.go:84.38,87.5 1 1
github.com/rbaliyan/event/v2/util.go:89.4,89.53 1 3
github.com/rbaliyan/event/v2/util.go:89.53,100.5 3 3
github.com/rbaliyan/event/v2/util.go:101.4,101.29 1 3
github.com/rbaliyan/event/v2/util.go:107.31,109.9 2 2
github.com/rbaliyan/event/v2/util.go:109.9,111.3 1 1
github.com/rbaliyan/event/v2/util.go:112.2,113.20 2 1
github.com/rbaliyan/event/v2/util.go:113.20,115.3 1 1
github.com/rbaliyan/event/v2/util.go:116.2,116.11 1 0
